<?xml version="1.0" encoding="utf-8"?><testsuites name="pytest tests"><testsuite name="pytest" errors="0" failures="2" skipped="0" tests="9" time="288.473" timestamp="2026-05-04T12:23:05.101677+00:00" hostname="agent-env-bcc0c1e6-b6b0-44d9-9fd2-3d60e634ae06"><testcase classname="backend.tests.backend_test" name="test_root_returns_model" time="0.283" /><testcase classname="backend.tests.backend_test" name="test_empty_topic_returns_400" time="0.045" /><testcase classname="backend.tests.backend_test" name="test_no_activities_returns_400" time="0.050" /><testcase classname="backend.tests.backend_test" name="test_single_activity_returns_3_variations" time="42.783" /><testcase classname="backend.tests.backend_test" name="test_multiple_activities_returns_multiple_prompts" time="60.064"><failure message="AssertionError: The preview environment is not responding. It may be starting up.&#10;  &#10;assert 502 == 200&#10; +  where 502 = &lt;Response [502]&gt;.status_code">backend/tests/backend_test.py:81: in test_multiple_activities_returns_multiple_prompts
    assert r.status_code == 200, r.text
E   AssertionError: The preview environment is not responding. It may be starting up.
E     
E   assert 502 == 200
E    +  where 502 = &lt;Response [502]&gt;.status_code</failure></testcase><testcase classname="backend.tests.backend_test" name="test_custom_activity_adds_custom_prompt" time="60.162"><failure message="AssertionError: The preview environment is not responding. It may be starting up.&#10;  &#10;assert 502 == 200&#10; +  where 502 = &lt;Response [502]&gt;.status_code">backend/tests/backend_test.py:99: in test_custom_activity_adds_custom_prompt
    assert r.status_code == 200, r.text
E   AssertionError: The preview environment is not responding. It may be starting up.
E     
E   assert 502 == 200
E    +  where 502 = &lt;Response [502]&gt;.status_code</failure></testcase><testcase classname="backend.tests.backend_test" name="test_language_uk_still_produces_valid_response" time="54.899" /><testcase classname="backend.tests.backend_test" name="test_claude_chat_tool_mapping" time="38.552" /><testcase classname="backend.tests.backend_test" name="test_writing_methodology" time="31.495" /></testsuite></testsuites>