<?xml version="1.0" encoding="utf-8"?><testsuites name="pytest tests"><testsuite name="pytest" errors="0" failures="0" skipped="0" tests="7" time="53.866" timestamp="2026-05-04T14:02:06.324346+00:00" hostname="agent-env-bcc0c1e6-b6b0-44d9-9fd2-3d60e634ae06"><testcase classname="backend.tests.backend_test" name="test_root_returns_haiku_model" time="0.327" /><testcase classname="backend.tests.backend_test" name="test_empty_topic_returns_400" time="0.050" /><testcase classname="backend.tests.backend_test" name="test_no_activities_returns_400" time="0.048" /><testcase classname="backend.tests.backend_test" name="test_material_have_flashcards_no_prep" time="9.291" /><testcase classname="backend.tests.backend_test" name="test_material_need_flashcards_has_prep" time="11.067" /><testcase classname="backend.tests.backend_test" name="test_material_need_roleplay_no_prep" time="10.453" /><testcase classname="backend.tests.backend_test" name="test_material_need_mixed_only_nlm_gets_prep" time="22.469" /></testsuite></testsuites>